10/06/2022
First thought should include
-- recording all useful algorithms
-- stored in json files
-- a json file for every category
-- able to add, edit an entries
-- initial version: parameter for every entry: name, last edit time(current time), description, example exists?, implemented function exsist?
-- should be able to retrieve examples and impletented functions
-- one folder for all examples and one folder for implemented functions
-- should support pictures in the future
-- should be able to open from terminal

11/06/2022
-- json files:
{name:name,
last_edt_time:current_time,
description:description,
example:[
    {example1_name:name, description:description, approach:approach, codes:[codes.py;codes.cpp]};
    {example1_name:name, description:description, approach:approach, codes:[codes.py;codes.cpp]};],
function:[a.py;b.cpp]
}
